<?xml version="1.0" encoding="UTF-8"?>
<!-- Generated by org.testng.reporters.JUnitReportReporter -->
<testsuite hostname="Sandeep-Kalpana" failures="0" tests="1" name="saucedemo.swaglabs.testClass" time="2.791" errors="0" timestamp="2024-04-07T16:46:23 IST" skipped="0">
  <testcase classname="saucedemo.swaglabs.testClass" name="testSwaglabs" time="2.791"/>
</testsuite> <!-- saucedemo.swaglabs.testClass -->
